[2026-06-20T09:21:37.702Z] Starting server...
[2026-06-20T09:21:37.797Z] Database initialized
[2026-06-20T09:21:37.808Z] Server running on port 3000
[2026-06-20T09:22:59.203Z] Starting server.js bootstrap...
[2026-06-20T09:23:01.234Z] Starting server...
[2026-06-20T09:23:01.241Z] Server started
[2026-06-20T09:23:01.334Z] Database initialized
[2026-06-20T09:23:01.350Z] Server running on port 3000
[2026-06-20T10:21:44.709Z] Starting server...
[2026-06-20T10:21:44.889Z] Database initialized
[2026-06-20T10:21:44.900Z] Server running on port 3000
[2026-06-20T14:15:24.334Z] Starting server...
[2026-06-20T14:15:24.506Z] Database initialized
[2026-06-20T14:15:24.551Z] Server running on port 3000
[2026-06-20T14:25:24.656Z] Starting server...
[2026-06-20T14:25:24.860Z] Database initialized
[2026-06-20T14:25:24.874Z] Server running on port 3000
[2026-06-20T14:26:16.509Z] Starting server...
[2026-06-20T14:26:16.719Z] Database initialized
[2026-06-20T14:26:16.765Z] Server running on port 3000
[2026-06-20T14:32:12.022Z] Starting server...
[2026-06-20T14:32:12.104Z] Database initialized
[2026-06-20T14:32:12.116Z] Server running on port 3000
[2026-06-22T04:39:47.489Z] Starting server...
[2026-06-22T04:39:47.731Z] Database initialized
[2026-06-22T04:39:47.742Z] Server running on port 3000
[2026-06-22T05:41:01.013Z] Starting server...
[2026-06-22T05:41:01.096Z] Database initialized
[2026-06-22T05:41:01.112Z] Server running on port 3000
[2026-06-22T06:14:50.216Z] Starting server...
[2026-06-22T06:14:50.304Z] Database initialized
[2026-06-22T06:14:50.313Z] Server running on port 3000
[2026-06-22T06:15:25.300Z] Starting server...
[2026-06-22T06:15:25.375Z] Database initialized
[2026-06-22T06:15:25.387Z] Server running on port 3000
